<?xml version="1.0" encoding="UTF-8"?>
<!-- Generated by org.testng.reporters.JUnitXMLReporter -->
<testsuite hostname="Admin" ignored="4" name="Default test" tests="1" failures="0" timestamp="19 Jul 2019 05:37:37 GMT" time="4.308" errors="0">
  <testcase name="getCountries" time="4.017" classname="apiTestScript.RestApiClientTest"/>
  <testcase name="registerCountry" time="0.0" classname="apiTestScript.RestApiClientTest">
    <ignored/>
  </testcase> <!-- registerCountry -->
  <testcase name="removeCountry" time="0.0" classname="apiTestScript.RestApiClientTest">
    <ignored/>
  </testcase> <!-- removeCountry -->
  <testcase name="getCountryById" time="0.0" classname="apiTestScript.RestApiClientTest">
    <ignored/>
  </testcase> <!-- getCountryById -->
  <testcase name="modifyCountry" time="0.0" classname="apiTestScript.RestApiClientTest">
    <ignored/>
  </testcase> <!-- modifyCountry -->
</testsuite> <!-- Default test -->
