<?xml version="1.0" encoding="UTF-8"?>
<testng-results skipped="0" failed="0" ignored="0" total="1" passed="1">
  <reporter-output>
  </reporter-output>
  <suite name="Default suite" duration-ms="4373" started-at="2019-10-13T13:59:40Z" finished-at="2019-10-13T13:59:44Z">
    <groups>
    </groups>
    <test name="Default test" duration-ms="4373" started-at="2019-10-13T13:59:40Z" finished-at="2019-10-13T13:59:44Z">
      <class name="apiTestScript.UserTest">
        <test-method status="PASS" signature="getAllUser()[pri:0, instance:apiTestScript.UserTest@515aebb0]" name="getAllUser" duration-ms="4341" started-at="2019-10-13T19:29:40Z" finished-at="2019-10-13T19:29:44Z">
          <reporter-output>
          </reporter-output>
        </test-method> <!-- getAllUser -->
      </class> <!-- apiTestScript.UserTest -->
    </test> <!-- Default test -->
  </suite> <!-- Default suite -->
</testng-results>
